{
  "stats": {
    "suites": 1,
    "tests": 1,
    "passes": 1,
    "pending": 0,
    "failures": 0,
    "start": "2022-01-10T00:36:19.353Z",
    "end": "2022-01-10T00:36:25.634Z",
    "duration": 6281,
    "testsRegistered": 1,
    "passPercent": 100,
    "pendingPercent": 0,
    "other": 0,
    "hasOther": false,
    "skipped": 0,
    "hasSkipped": false
  },
  "results": [
    {
      "uuid": "ce94002e-f563-4356-9299-eb9f339c3e41",
      "title": "",
      "fullFile": "cypress/integration/cadastro.spec.js",
      "file": "cypress/integration/cadastro.spec.js",
      "beforeHooks": [],
      "afterHooks": [],
      "tests": [],
      "suites": [
        {
          "uuid": "0635fe12-bfe0-436b-98af-b12fe1a2a2a7",
          "title": "Cadastro",
          "fullFile": "",
          "file": "",
          "beforeHooks": [],
          "afterHooks": [],
          "tests": [
            {
              "title": "Quando eu informar os dados e finalizar, então o cadastro deve ser efetuado ",
              "fullTitle": "Cadastro Quando eu informar os dados e finalizar, então o cadastro deve ser efetuado ",
              "timedOut": null,
              "duration": 6174,
              "state": "passed",
              "speed": "medium",
              "pass": true,
              "fail": false,
              "pending": false,
              "context": null,
              "code": "cy.visit('/');\ncy.get('input[name=firstName]').type(chance.name());\ncy.get('input[name=lastName]').type(chance.last());\ncy.get('textarea[class=form-control]').type(chance.address());\ncy.get('input[name=emailAdress]').type(chance.email());\ncy.get('input[value=f]').check();\ncy.get('input[type=checkbox]').check('Netflix');\ncy.get('input[type=checkbox]').check('Livros');\ncy.get('select#countries').select('Japão', {\n  force: true\n});\ncy.get('select#years').select('2016', {\n  force: true\n});\ncy.get('select#months').select('Dezembro', {\n  force: true\n});\ncy.get('select#days').select('21', {\n  force: true\n});\ncy.get('input#firstpassword').type('123456Mi');\ncy.get('input#secondpassword').type('123456Mi');\ncy.contains('Finalizar cadastro').click();\ncy.url().should('contain', 'listagem');",
              "err": {},
              "uuid": "a6cfc40e-ca3f-4fe4-930b-ba87c81cc7dc",
              "parentUUID": "0635fe12-bfe0-436b-98af-b12fe1a2a2a7",
              "isHook": false,
              "skipped": false
            }
          ],
          "suites": [],
          "passes": [
            "a6cfc40e-ca3f-4fe4-930b-ba87c81cc7dc"
          ],
          "failures": [],
          "pending": [],
          "skipped": [],
          "duration": 6174,
          "root": false,
          "rootEmpty": false,
          "_timeout": 2000
        }
      ],
      "passes": [],
      "failures": [],
      "pending": [],
      "skipped": [],
      "duration": 0,
      "root": true,
      "rootEmpty": true,
      "_timeout": 2000
    }
  ],
  "meta": {
    "mocha": {
      "version": "7.0.1"
    },
    "mochawesome": {
      "options": {
        "quiet": true,
        "reportFilename": "mochawesome",
        "saveHtml": false,
        "saveJson": true,
        "consoleReporter": "spec",
        "useInlineDiffs": false,
        "code": true
      },
      "version": "7.0.1"
    },
    "marge": {
      "options": {
        "id": "default",
        "reportDir": "mochawesome-report",
        "quiet": true,
        "overwrite": false,
        "html": false,
        "json": true
      },
      "version": "6.0.1"
    }
  }
}